INFO    : PreTeXt project found in `/Users/slaverty/GitHub/biocalculus`.
WARNING : Using CLI version 2.0.3 but project's `requirements.txt`
WARNING : is configured to use 1.7.5. Consider either installing
WARNING : CLI version 1.7.5 or running `pretext init --refresh`
WARNING : to update `requirements.txt` to match 2.0.3.
INFO    : Preparing to build into /Users/slaverty/GitHub/biocalculus/output/web.
INFO    : discovering source file's directory name: /Users/slaverty/GitHub/biocalculus/source
INFO    : verifying and expanding input directory: /Users/slaverty/GitHub/biocalculus/source/../generated-assets
INFO    : input directory expanded to absolute path: /Users/slaverty/GitHub/biocalculus/generated-assets
INFO    : verifying and expanding input directory: /Users/slaverty/GitHub/biocalculus/source/../assets
INFO    : input directory expanded to absolute path: /Users/slaverty/GitHub/biocalculus/assets
INFO    : Runestone Services (via PreTeXt repository): version 7.1.2
INFO    : Runestone Services (using newer, via online CDN query): version 7.2.2
INFO    : converting /Users/slaverty/GitHub/biocalculus/source/main.ptx to HTML in /var/folders/hb/k6_ywz5j0hd8rnp5qz7kgkvm0000gn/T/tmp1lgamis0
INFO    : XSL conversion of /Users/slaverty/GitHub/biocalculus/source/main.ptx by /Users/slaverty/.ptx/xsl/pretext-html.xsl
INFO    : comprehensive messages, warnings, and errors:
INFO    :     * PTX:ERROR: the @xml:id value "chap-intro" should be unique, but is authored 2 times.
INFO    :     *            Results will be unpredictable, and likely incorrect.  Information on the locations follows:
INFO    :     *              located within: "chap-intro" (xml:id), "Introduction" (title)
INFO    :     *              located within: "chap-intro" (xml:id), "Introduction to Derivatives" (title)
INFO    :     * PTX:DEPRECATE: (2019-06-28) the "table" element requires a "title", an existing "caption" is being ignored (5 times)
INFO    :     *              located within: "sect-intro-lines" (xml:id), "Linear functions" (title)
INFO    :     *              located within: "sect-intro-exp" (xml:id), "Exponential and Logarithmic functions" (title)
INFO    :     *              located within: "sect-intro-dtds" (xml:id), "Discrete-Time Dynamical Systems" (title)
INFO    :     *              located within: "sect-intro-dtds" (xml:id), "Discrete-Time Dynamical Systems" (title)
INFO    :     *              located within: "sect-intro-dtds" (xml:id), "Discrete-Time Dynamical Systems" (title)
INFO    :     * --------------
INFO    :     * PTX:DEPRECATE: (2023-08-08) a "website" element with "address" and "name" children has changed.  Continue to use the "website" element as before, but replace the "address" and "name" children with a single "url" element, which is more flexible and reliable.  We will try to honor your intent, but you may prefer your own adjustments. (1 time)
INFO    :     *              located within: "frontmatter" (xml:id)
INFO    :     * --------------
INFO    : successful application of /Users/slaverty/.ptx/xsl/pretext-html.xsl
INFO    : 
Success! Run `pretext view` to see the results.

